c:\users\doosh\documents\github\engine-learning-space\engine\x64\debug\vc143.pdb
c:\users\doosh\documents\github\engine-learning-space\engine\x64\debug\vc143.idb
c:\users\doosh\documents\github\engine-learning-space\engine\x64\debug\scene.obj
c:\users\doosh\documents\github\engine-learning-space\engine\x64\debug\rigidbody.obj
c:\users\doosh\documents\github\engine-learning-space\engine\x64\debug\resourcemanager.obj
c:\users\doosh\documents\github\engine-learning-space\engine\x64\debug\renderer.obj
c:\users\doosh\documents\github\engine-learning-space\engine\x64\debug\model.obj
c:\users\doosh\documents\github\engine-learning-space\engine\x64\debug\mesh.obj
c:\users\doosh\documents\github\engine-learning-space\engine\x64\debug\main.obj
c:\users\doosh\documents\github\engine-learning-space\engine\x64\debug\gameobject.obj
c:\users\doosh\documents\github\engine-learning-space\engine\x64\debug\glad.obj
c:\users\doosh\documents\github\engine-learning-space\engine\x64\debug\collisionhandler.obj
c:\users\doosh\documents\github\engine-learning-space\engine\x64\debug\opengltechnicalreport.exe
c:\users\doosh\documents\github\engine-learning-space\engine\x64\debug\opengltechnicalreport.ilk
c:\users\doosh\documents\github\engine-learning-space\engine\x64\debug\opengltechnicalreport.pdb
c:\users\doosh\documents\github\engine-learning-space\engine\x64\debug\main.obj.enc
c:\users\doosh\documents\github\engine-learning-space\engine\x64\debug\openglte.0174eca6.tlog\cl.command.1.tlog
c:\users\doosh\documents\github\engine-learning-space\engine\x64\debug\openglte.0174eca6.tlog\cl.items.tlog
c:\users\doosh\documents\github\engine-learning-space\engine\x64\debug\openglte.0174eca6.tlog\cl.read.1.tlog
c:\users\doosh\documents\github\engine-learning-space\engine\x64\debug\openglte.0174eca6.tlog\cl.write.1.tlog
c:\users\doosh\documents\github\engine-learning-space\engine\x64\debug\openglte.0174eca6.tlog\link.command.1.tlog
c:\users\doosh\documents\github\engine-learning-space\engine\x64\debug\openglte.0174eca6.tlog\link.read.1.tlog
c:\users\doosh\documents\github\engine-learning-space\engine\x64\debug\openglte.0174eca6.tlog\link.write.1.tlog
